<?xml version="1.0" encoding="UTF-8"?>
<!-- Generated by org.testng.reporters.JUnitReportReporter -->
<testsuite hostname="LAPTOP-QNL7IF1Q" failures="0" tests="1" name="HrmMyFirstTestNgDemo.Hrm.Amazonparameter" time="18.371" errors="0" timestamp="24 Feb 2023 11:00:31 GMT" skipped="0">
  <testcase classname="HrmMyFirstTestNgDemo.Hrm.Amazonparameter" name="parameter" time="18.371"/>
</testsuite> <!-- HrmMyFirstTestNgDemo.Hrm.Amazonparameter -->
